[    1537ms] [WARNING] Failed to decode downloaded font: https://www.bitstamp.net/s/fonts/JakartaSans-VF-lite.woff2 @ https://www.bitstamp.net/api/:0
[    1537ms] [WARNING] OTS parsing error: invalid sfntVersion: 1013478509 @ https://www.bitstamp.net/api/:0
[    1537ms] [WARNING] Failed to decode downloaded font: https://www.bitstamp.net/s/fonts/GT-Sectra-Fine-Regular-lite.woff2 @ https://www.bitstamp.net/api/:0
[    1537ms] [WARNING] OTS parsing error: invalid sfntVersion: 1013478509 @ https://www.bitstamp.net/api/:0
[    1537ms] [WARNING] Failed to decode downloaded font: https://www.bitstamp.net/s/fonts/GT-Sectra-Fine-Bold-lite.woff2 @ https://www.bitstamp.net/api/:0
[    1537ms] [WARNING] OTS parsing error: invalid sfntVersion: 1013478509 @ https://www.bitstamp.net/api/:0
[    1553ms] [WARNING] Failed to decode downloaded font: https://www.bitstamp.net/s/fonts/JakartaSans-VF-extended.woff2 @ https://www.bitstamp.net/api/:0
[    1553ms] [WARNING] OTS parsing error: invalid sfntVersion: 1013478509 @ https://www.bitstamp.net/api/:0
[    1784ms] [WARNING] Failed to decode downloaded font: https://www.bitstamp.net/s/fonts/GT-Sectra-Fine-Bold.woff @ https://www.bitstamp.net/api/:1378
[    1784ms] [WARNING] OTS parsing error: invalid sfntVersion: 1013478509 @ https://www.bitstamp.net/api/:1378
[    3385ms] [WARNING] Failed to decode downloaded font: https://www.bitstamp.net/s/fonts/JakartaSans-VF-extended.woff2 @ https://assets.bitstamp.net/static/js/redoc.standalone.2.0.0.82ac317c24cbd5ad910ff2584bb364c13428c096.js:652
[    3385ms] [WARNING] OTS parsing error: invalid sfntVersion: 1013478509 @ https://assets.bitstamp.net/static/js/redoc.standalone.2.0.0.82ac317c24cbd5ad910ff2584bb364c13428c096.js:652
[    3385ms] [WARNING] Failed to decode downloaded font: https://www.bitstamp.net/s/fonts/JakartaSans-VF-lite.woff2 @ https://assets.bitstamp.net/static/js/redoc.standalone.2.0.0.82ac317c24cbd5ad910ff2584bb364c13428c096.js:652
[    3385ms] [WARNING] OTS parsing error: invalid sfntVersion: 1013478509 @ https://assets.bitstamp.net/static/js/redoc.standalone.2.0.0.82ac317c24cbd5ad910ff2584bb364c13428c096.js:652
[    3385ms] [WARNING] Failed to decode downloaded font: https://www.bitstamp.net/s/fonts/GT-Sectra-Fine-Regular-lite.woff2 @ https://assets.bitstamp.net/static/js/redoc.standalone.2.0.0.82ac317c24cbd5ad910ff2584bb364c13428c096.js:652
[    3385ms] [WARNING] OTS parsing error: invalid sfntVersion: 1013478509 @ https://assets.bitstamp.net/static/js/redoc.standalone.2.0.0.82ac317c24cbd5ad910ff2584bb364c13428c096.js:652
[    3385ms] [WARNING] Failed to decode downloaded font: https://www.bitstamp.net/s/fonts/GT-Sectra-Fine-Bold-lite.woff2 @ https://assets.bitstamp.net/static/js/redoc.standalone.2.0.0.82ac317c24cbd5ad910ff2584bb364c13428c096.js:652
[    3385ms] [WARNING] OTS parsing error: invalid sfntVersion: 1013478509 @ https://assets.bitstamp.net/static/js/redoc.standalone.2.0.0.82ac317c24cbd5ad910ff2584bb364c13428c096.js:652
[    3385ms] [WARNING] Failed to decode downloaded font: https://www.bitstamp.net/s/fonts/GT-Sectra-Fine-Bold.woff @ https://assets.bitstamp.net/static/js/redoc.standalone.2.0.0.82ac317c24cbd5ad910ff2584bb364c13428c096.js:652
[    3385ms] [WARNING] OTS parsing error: invalid sfntVersion: 1013478509 @ https://assets.bitstamp.net/static/js/redoc.standalone.2.0.0.82ac317c24cbd5ad910ff2584bb364c13428c096.js:652
[    3562ms] [WARNING] Failed to decode downloaded font: https://www.bitstamp.net/s/fonts/JakartaSans-VF-extended.woff2 @ https://www.bitstamp.net/api/:0
[    3562ms] [WARNING] OTS parsing error: invalid sfntVersion: 1013478509 @ https://www.bitstamp.net/api/:0
[    3562ms] [WARNING] Failed to decode downloaded font: https://www.bitstamp.net/s/fonts/JakartaSans-VF-lite.woff2 @ https://www.bitstamp.net/api/:0
[    3562ms] [WARNING] OTS parsing error: invalid sfntVersion: 1013478509 @ https://www.bitstamp.net/api/:0
[    3562ms] [WARNING] Failed to decode downloaded font: https://www.bitstamp.net/s/fonts/GT-Sectra-Fine-Regular-lite.woff2 @ https://www.bitstamp.net/api/:0
[    3562ms] [WARNING] OTS parsing error: invalid sfntVersion: 1013478509 @ https://www.bitstamp.net/api/:0
[    3562ms] [WARNING] Failed to decode downloaded font: https://www.bitstamp.net/s/fonts/GT-Sectra-Fine-Bold-lite.woff2 @ https://www.bitstamp.net/api/:0
[    3562ms] [WARNING] OTS parsing error: invalid sfntVersion: 1013478509 @ https://www.bitstamp.net/api/:0
[    3562ms] [WARNING] Failed to decode downloaded font: https://www.bitstamp.net/s/fonts/GT-Sectra-Fine-Bold.woff @ https://www.bitstamp.net/api/:0
[    3562ms] [WARNING] OTS parsing error: invalid sfntVersion: 1013478509 @ https://www.bitstamp.net/api/:0
[    3655ms] [WARNING] Failed to decode downloaded font: https://www.bitstamp.net/s/fonts/JakartaSans-VF-extended.woff2 @ https://www.bitstamp.net/api/:0
[    3655ms] [WARNING] OTS parsing error: invalid sfntVersion: 1013478509 @ https://www.bitstamp.net/api/:0
[    3655ms] [WARNING] Failed to decode downloaded font: https://www.bitstamp.net/s/fonts/JakartaSans-VF-lite.woff2 @ https://www.bitstamp.net/api/:0
[    3655ms] [WARNING] OTS parsing error: invalid sfntVersion: 1013478509 @ https://www.bitstamp.net/api/:0
[    3655ms] [WARNING] Failed to decode downloaded font: https://www.bitstamp.net/s/fonts/GT-Sectra-Fine-Regular-lite.woff2 @ https://www.bitstamp.net/api/:0
[    3655ms] [WARNING] OTS parsing error: invalid sfntVersion: 1013478509 @ https://www.bitstamp.net/api/:0
[    3655ms] [WARNING] Failed to decode downloaded font: https://www.bitstamp.net/s/fonts/GT-Sectra-Fine-Bold-lite.woff2 @ https://www.bitstamp.net/api/:0
[    3655ms] [WARNING] OTS parsing error: invalid sfntVersion: 1013478509 @ https://www.bitstamp.net/api/:0
[    3655ms] [WARNING] Failed to decode downloaded font: https://www.bitstamp.net/s/fonts/GT-Sectra-Fine-Bold.woff @ https://www.bitstamp.net/api/:0
[    3655ms] [WARNING] OTS parsing error: invalid sfntVersion: 1013478509 @ https://www.bitstamp.net/api/:0
